TN:
SF:src/upstream/zulu/meta/meta.ts
FN:9,getZuluMetadata
FN:26,getZuluJDKMetadata
FN:30,getZuluJREMetadata
FN:34,getZuluFXMetadata
FNF:4
FNH:1
FNDA:1,getZuluMetadata
FNDA:0,getZuluJDKMetadata
FNDA:0,getZuluJREMetadata
FNDA:0,getZuluFXMetadata
DA:1,1
DA:2,1
DA:3,1
DA:4,1
DA:5,1
DA:6,1
DA:7,1
DA:8,1
DA:9,1
DA:10,1
DA:11,1
DA:12,1
DA:13,1
DA:14,1
DA:15,1
DA:16,1
DA:17,1
DA:18,1
DA:19,1
DA:20,1
DA:21,1
DA:22,0
DA:23,1
DA:24,1
DA:25,1
DA:26,0
DA:27,0
DA:28,0
DA:29,1
DA:30,0
DA:31,0
DA:32,0
DA:33,1
DA:34,0
DA:35,0
DA:36,0
LF:36
LH:26
BRDA:9,0,0,1
BRDA:19,1,0,1
BRF:2
BRH:2
end_of_record
